Build started 02/10/2018 08:04:23.
     1>Project "C:\Users\Dinura\Desktop\CPP Project\CPP Part 7\CPP Part 7.vcxproj" on node 2 (Build target(s)).
     1>ClCompile:
         C:\Program Files (x86)\Microsoft Visual Studio 12.0\VC\bin\CL.exe /c /ZI /nologo /W3 /WX- /sdl /Od /Oy- /D WIN32 /D _DEBUG /D _CONSOLE /D _LIB /D _UNICODE /D UNICODE /Gm /EHsc /RTC1 /MDd /GS /fp:precise /Zc:wchar_t /Zc:forScope /Fo"Debug\\" /Fd"Debug\vc120.pdb" /Gd /TP /analyze- /errorReport:prompt Session.cpp
         Session.cpp
     1>c:\users\dinura\desktop\cpp project\cpp part 7\checkingaccountwithinterest.h(24): warning C4244: 'argument' : conversion from 'double' to 'int', possible loss of data
     1>c:\users\dinura\desktop\cpp project\cpp part 7\session.cpp(83): warning C4715: 'getLocationinfo' : not all control paths return a value
     1>c:\users\dinura\desktop\cpp project\cpp part 7\session.cpp(52): warning C4715: 'getTypeInfo<int>' : not all control paths return a value
     1>c:\users\dinura\desktop\cpp project\cpp part 7\session.cpp(120): warning C4715: 'getEmpty<SavingsAccount>' : not all control paths return a value
     1>c:\users\dinura\desktop\cpp project\cpp part 7\session.cpp(120): warning C4715: 'getEmpty<CheckingAccount>' : not all control paths return a value
     1>c:\users\dinura\desktop\cpp project\cpp part 7\session.cpp(120): warning C4715: 'getEmpty<CheckingAccountWithInterest>' : not all control paths return a value
       Link:
         C:\Program Files (x86)\Microsoft Visual Studio 12.0\VC\bin\link.exe /ERRORREPORT:PROMPT /OUT:"C:\Users\Dinura\Desktop\CPP Project\CPP Part 7\Debug\CPP Part 7.exe" /INCREMENTAL /NOLOGO kernel32.lib user32.lib gdi32.lib winspool.lib comdlg32.lib advapi32.lib shell32.lib ole32.lib oleaut32.lib uuid.lib odbc32.lib odbccp32.lib /MANIFEST /MANIFESTUAC:"level='asInvoker' uiAccess='false'" /manifest:embed /DEBUG /PDB:"C:\Users\Dinura\Desktop\CPP Project\CPP Part 7\Debug\CPP Part 7.pdb" /SUBSYSTEM:CONSOLE /TLBID:1 /DYNAMICBASE /NXCOMPAT /IMPLIB:"C:\Users\Dinura\Desktop\CPP Project\CPP Part 7\Debug\CPP Part 7.lib" /MACHINE:X86 Debug\BankAccount.obj
         Debug\BankBranch.obj
         Debug\CheckingAccount.obj
         Debug\CheckingAccountWithInterest.obj
         Debug\SavingsAccount.obj
         Debug\Session.obj
         CPP Part 7.vcxproj -> C:\Users\Dinura\Desktop\CPP Project\CPP Part 7\Debug\CPP Part 7.exe
     1>Done Building Project "C:\Users\Dinura\Desktop\CPP Project\CPP Part 7\CPP Part 7.vcxproj" (Build target(s)).

Build succeeded.

Time Elapsed 00:00:01.46
